c:\problemset\question1\question1\x64\debug\vc143.pdb
c:\problemset\question1\question1\x64\debug\vc143.idb
c:\problemset\question1\question1\x64\debug\vector3d.obj
c:\problemset\question1\question1\x64\debug\vector2d.obj
c:\problemset\question1\question1\x64\debug\main.obj
c:\problemset\question1\question1\x64\debug\question1.ilk
c:\problemset\question1\x64\debug\question1.pdb
c:\problemset\question1\question1\x64\debug\question1.tlog\cl.command.1.tlog
c:\problemset\question1\question1\x64\debug\question1.tlog\cl.items.tlog
c:\problemset\question1\question1\x64\debug\question1.tlog\cl.read.1.tlog
c:\problemset\question1\question1\x64\debug\question1.tlog\cl.write.1.tlog
c:\problemset\question1\question1\x64\debug\question1.tlog\link.29572-cvtres.read.1.tlog
c:\problemset\question1\question1\x64\debug\question1.tlog\link.29572-cvtres.write.1.tlog
c:\problemset\question1\question1\x64\debug\question1.tlog\link.29572-rc.read.1.tlog
c:\problemset\question1\question1\x64\debug\question1.tlog\link.29572-rc.write.1.tlog
c:\problemset\question1\question1\x64\debug\question1.tlog\link.29572.read.1.tlog
c:\problemset\question1\question1\x64\debug\question1.tlog\link.29572.read.2.tlog
c:\problemset\question1\question1\x64\debug\question1.tlog\link.29572.read.3.tlog
c:\problemset\question1\question1\x64\debug\question1.tlog\link.29572.read.4.tlog
c:\problemset\question1\question1\x64\debug\question1.tlog\link.29572.write.1.tlog
c:\problemset\question1\question1\x64\debug\question1.tlog\link.command.1.tlog
c:\problemset\question1\question1\x64\debug\question1.tlog\link.read.1.tlog
c:\problemset\question1\question1\x64\debug\question1.tlog\link.secondary.1.tlog
c:\problemset\question1\question1\x64\debug\question1.tlog\link.write.1.tlog
